2025-03-15 23:09:17 - --- \u041f\u0440\u0438\u043b\u043e\u0436\u0435\u043d\u0438\u0435 \u0437\u0430\u043f\u0443\u0449\u0435\u043d\u043e ---
2025-03-15 23:09:17 - \u0420\u0435\u0433\u0438\u0441\u0442\u0440\u0430\u0446\u0438\u044f \u043f\u043b\u0430\u0433\u0438\u043d\u0430 \u0433\u043e\u0440\u044f\u0447\u0438\u0445 \u043a\u043b\u0430\u0432\u0438\u0448...
2025-03-15 23:09:17 - \u0413\u043e\u0440\u044f\u0447\u0438\u0435 \u043a\u043b\u0430\u0432\u0438\u0448\u0438 \u0437\u0430\u0440\u0435\u0433\u0438\u0441\u0442\u0440\u0438\u0440\u043e\u0432\u0430\u043d\u044b.
2025-03-15 23:09:23 - --- \u041f\u0440\u0438\u043b\u043e\u0436\u0435\u043d\u0438\u0435 \u0437\u0430\u043a\u0440\u044b\u0442\u043e ---
2025-03-15 23:15:01 - --- \u041f\u0440\u0438\u043b\u043e\u0436\u0435\u043d\u0438\u0435 \u0437\u0430\u043f\u0443\u0449\u0435\u043d\u043e ---
2025-03-15 23:15:01 - \u0420\u0435\u0433\u0438\u0441\u0442\u0440\u0430\u0446\u0438\u044f \u043f\u043b\u0430\u0433\u0438\u043d\u0430 \u0433\u043e\u0440\u044f\u0447\u0438\u0445 \u043a\u043b\u0430\u0432\u0438\u0448...
2025-03-15 23:15:01 - \u0413\u043e\u0440\u044f\u0447\u0438\u0435 \u043a\u043b\u0430\u0432\u0438\u0448\u0438 \u0437\u0430\u0440\u0435\u0433\u0438\u0441\u0442\u0440\u0438\u0440\u043e\u0432\u0430\u043d\u044b.
2025-03-15 23:15:13 - --- \u041f\u0440\u0438\u043b\u043e\u0436\u0435\u043d\u0438\u0435 \u0437\u0430\u043a\u0440\u044b\u0442\u043e ---
2025-03-15 23:15:58 - --- \u041f\u0440\u0438\u043b\u043e\u0436\u0435\u043d\u0438\u0435 \u0437\u0430\u043f\u0443\u0449\u0435\u043d\u043e ---
2025-03-15 23:15:58 - \u0420\u0435\u0433\u0438\u0441\u0442\u0440\u0430\u0446\u0438\u044f \u043f\u043b\u0430\u0433\u0438\u043d\u0430 \u0433\u043e\u0440\u044f\u0447\u0438\u0445 \u043a\u043b\u0430\u0432\u0438\u0448...
2025-03-15 23:15:58 - \u0413\u043e\u0440\u044f\u0447\u0438\u0435 \u043a\u043b\u0430\u0432\u0438\u0448\u0438 \u0437\u0430\u0440\u0435\u0433\u0438\u0441\u0442\u0440\u0438\u0440\u043e\u0432\u0430\u043d\u044b.
2025-03-15 23:16:28 - --- \u041f\u0440\u0438\u043b\u043e\u0436\u0435\u043d\u0438\u0435 \u0437\u0430\u043a\u0440\u044b\u0442\u043e ---
2025-03-15 23:16:30 - --- \u041f\u0440\u0438\u043b\u043e\u0436\u0435\u043d\u0438\u0435 \u0437\u0430\u043f\u0443\u0449\u0435\u043d\u043e ---
2025-03-15 23:16:30 - \u0420\u0435\u0433\u0438\u0441\u0442\u0440\u0430\u0446\u0438\u044f \u043f\u043b\u0430\u0433\u0438\u043d\u0430 \u0433\u043e\u0440\u044f\u0447\u0438\u0445 \u043a\u043b\u0430\u0432\u0438\u0448...
2025-03-15 23:16:30 - \u0413\u043e\u0440\u044f\u0447\u0438\u0435 \u043a\u043b\u0430\u0432\u0438\u0448\u0438 \u0437\u0430\u0440\u0435\u0433\u0438\u0441\u0442\u0440\u0438\u0440\u043e\u0432\u0430\u043d\u044b.
2025-03-15 23:16:33 - --- \u041f\u0440\u0438\u043b\u043e\u0436\u0435\u043d\u0438\u0435 \u0437\u0430\u043a\u0440\u044b\u0442\u043e ---
2025-03-15 23:16:47 - --- \u041f\u0440\u0438\u043b\u043e\u0436\u0435\u043d\u0438\u0435 \u0437\u0430\u043f\u0443\u0449\u0435\u043d\u043e ---
2025-03-15 23:16:47 - \u0420\u0435\u0433\u0438\u0441\u0442\u0440\u0430\u0446\u0438\u044f \u043f\u043b\u0430\u0433\u0438\u043d\u0430 \u0433\u043e\u0440\u044f\u0447\u0438\u0445 \u043a\u043b\u0430\u0432\u0438\u0448...
2025-03-15 23:16:47 - \u0413\u043e\u0440\u044f\u0447\u0438\u0435 \u043a\u043b\u0430\u0432\u0438\u0448\u0438 \u0437\u0430\u0440\u0435\u0433\u0438\u0441\u0442\u0440\u0438\u0440\u043e\u0432\u0430\u043d\u044b.
2025-03-15 23:17:13 - --- \u041f\u0440\u0438\u043b\u043e\u0436\u0435\u043d\u0438\u0435 \u0437\u0430\u043a\u0440\u044b\u0442\u043e ---
2025-03-15 23:17:55 - --- \u041f\u0440\u0438\u043b\u043e\u0436\u0435\u043d\u0438\u0435 \u0437\u0430\u043f\u0443\u0449\u0435\u043d\u043e ---
2025-03-15 23:17:55 - \u0420\u0435\u0433\u0438\u0441\u0442\u0440\u0430\u0446\u0438\u044f \u043f\u043b\u0430\u0433\u0438\u043d\u0430 \u0433\u043e\u0440\u044f\u0447\u0438\u0445 \u043a\u043b\u0430\u0432\u0438\u0448...
2025-03-15 23:17:55 - \u0413\u043e\u0440\u044f\u0447\u0438\u0435 \u043a\u043b\u0430\u0432\u0438\u0448\u0438 \u0437\u0430\u0440\u0435\u0433\u0438\u0441\u0442\u0440\u0438\u0440\u043e\u0432\u0430\u043d\u044b.
2025-03-15 23:18:29 - --- \u041f\u0440\u0438\u043b\u043e\u0436\u0435\u043d\u0438\u0435 \u0437\u0430\u043a\u0440\u044b\u0442\u043e ---
2025-03-15 23:24:07 - --- \u041f\u0440\u0438\u043b\u043e\u0436\u0435\u043d\u0438\u0435 \u0437\u0430\u043f\u0443\u0449\u0435\u043d\u043e ---
2025-03-15 23:24:07 - HotkeyPlugin \u0438\u043d\u0438\u0446\u0438\u0430\u043b\u0438\u0437\u0438\u0440\u043e\u0432\u0430\u043d
2025-03-15 23:24:07 - \u0420\u0435\u0433\u0438\u0441\u0442\u0440\u0430\u0446\u0438\u044f \u043f\u043b\u0430\u0433\u0438\u043d\u0430 \u0433\u043e\u0440\u044f\u0447\u0438\u0445 \u043a\u043b\u0430\u0432\u0438\u0448...
2025-03-15 23:24:07 - \u041e\u0448\u0438\u0431\u043a\u0430 \u043f\u0440\u0438 \u0440\u0435\u0433\u0438\u0441\u0442\u0440\u0430\u0446\u0438\u0438 \u0433\u043e\u0440\u044f\u0447\u0438\u0445 \u043a\u043b\u0430\u0432\u0438\u0448: 'HotkeyPlugin' object has no attribute 'new_shortcut'
2025-03-15 23:24:11 - --- \u041f\u0440\u0438\u043b\u043e\u0436\u0435\u043d\u0438\u0435 \u0437\u0430\u043a\u0440\u044b\u0442\u043e ---
2025-03-15 23:24:57 - --- \u041f\u0440\u0438\u043b\u043e\u0436\u0435\u043d\u0438\u0435 \u0437\u0430\u043f\u0443\u0449\u0435\u043d\u043e ---
2025-03-15 23:24:57 - HotkeyPlugin \u0438\u043d\u0438\u0446\u0438\u0430\u043b\u0438\u0437\u0438\u0440\u043e\u0432\u0430\u043d
2025-03-15 23:24:57 - \u0420\u0435\u0433\u0438\u0441\u0442\u0440\u0430\u0446\u0438\u044f \u043f\u043b\u0430\u0433\u0438\u043d\u0430 \u0433\u043e\u0440\u044f\u0447\u0438\u0445 \u043a\u043b\u0430\u0432\u0438\u0448...
2025-03-15 23:24:57 - \u041e\u0448\u0438\u0431\u043a\u0430 \u043f\u0440\u0438 \u0440\u0435\u0433\u0438\u0441\u0442\u0440\u0430\u0446\u0438\u0438 \u0433\u043e\u0440\u044f\u0447\u0438\u0445 \u043a\u043b\u0430\u0432\u0438\u0448: 'HotkeyPlugin' object has no attribute 'new_shortcut'
2025-03-15 23:28:49 - --- \u041f\u0440\u0438\u043b\u043e\u0436\u0435\u043d\u0438\u0435 \u0437\u0430\u043a\u0440\u044b\u0442\u043e ---
2025-03-15 23:29:23 - --- \u041f\u0440\u0438\u043b\u043e\u0436\u0435\u043d\u0438\u0435 \u0437\u0430\u043f\u0443\u0449\u0435\u043d\u043e ---
2025-03-15 23:29:23 - HotkeyPlugin \u0438\u043d\u0438\u0446\u0438\u0430\u043b\u0438\u0437\u0438\u0440\u043e\u0432\u0430\u043d
2025-03-15 23:29:23 - \u0420\u0435\u0433\u0438\u0441\u0442\u0440\u0430\u0446\u0438\u044f \u043f\u043b\u0430\u0433\u0438\u043d\u0430 \u0433\u043e\u0440\u044f\u0447\u0438\u0445 \u043a\u043b\u0430\u0432\u0438\u0448...
2025-03-15 23:29:23 - \u041e\u0448\u0438\u0431\u043a\u0430 \u043f\u0440\u0438 \u0440\u0435\u0433\u0438\u0441\u0442\u0440\u0430\u0446\u0438\u0438 \u0433\u043e\u0440\u044f\u0447\u0438\u0445 \u043a\u043b\u0430\u0432\u0438\u0448: 'HotkeyPlugin' object has no attribute 'new_shortcut'
2025-03-15 23:29:33 - --- \u041f\u0440\u0438\u043b\u043e\u0436\u0435\u043d\u0438\u0435 \u0437\u0430\u043a\u0440\u044b\u0442\u043e ---
2025-03-15 23:29:38 - --- \u041f\u0440\u0438\u043b\u043e\u0436\u0435\u043d\u0438\u0435 \u0437\u0430\u043f\u0443\u0449\u0435\u043d\u043e ---
2025-03-15 23:29:38 - HotkeyPlugin \u0438\u043d\u0438\u0446\u0438\u0430\u043b\u0438\u0437\u0438\u0440\u043e\u0432\u0430\u043d
2025-03-15 23:29:38 - \u0420\u0435\u0433\u0438\u0441\u0442\u0440\u0430\u0446\u0438\u044f \u043f\u043b\u0430\u0433\u0438\u043d\u0430 \u0433\u043e\u0440\u044f\u0447\u0438\u0445 \u043a\u043b\u0430\u0432\u0438\u0448...
2025-03-15 23:29:38 - \u041e\u0448\u0438\u0431\u043a\u0430 \u043f\u0440\u0438 \u0440\u0435\u0433\u0438\u0441\u0442\u0440\u0430\u0446\u0438\u0438 \u0433\u043e\u0440\u044f\u0447\u0438\u0445 \u043a\u043b\u0430\u0432\u0438\u0448: 'HotkeyPlugin' object has no attribute 'new_shortcut'
2025-03-15 23:30:02 - \u041d\u0430\u0436\u0430\u0442\u0430 \u0433\u043e\u0440\u044f\u0447\u0430\u044f \u043a\u043b\u0430\u0432\u0438\u0448\u0430: Ctrl+D (\u041f\u043e\u043a\u0430\u0437\u0430\u0442\u044c \u0441\u043b\u043e\u0432\u0430\u0440\u044c)
2025-03-15 23:30:08 - --- \u041f\u0440\u0438\u043b\u043e\u0436\u0435\u043d\u0438\u0435 \u0437\u0430\u043a\u0440\u044b\u0442\u043e ---
