2025-03-10 11:47:12 - --- Приложение запущено ---
2025-03-10 11:47:24 - --- Приложение закрыто ---
2025-03-10 11:48:09 - --- Приложение запущено ---
2025-03-10 11:48:26 - --- Приложение закрыто ---
2025-03-10 11:48:59 - --- Приложение запущено ---
2025-03-10 11:48:59 - Регистрация плагина горячих клавиш...
2025-03-10 11:48:59 - Горячие клавиши зарегистрированы.
2025-03-10 11:49:30 - --- Приложение закрыто ---
2025-03-10 11:50:14 - --- Приложение запущено ---
2025-03-10 11:50:14 - Регистрация плагина горячих клавиш...
2025-03-10 11:50:14 - Горячие клавиши зарегистрированы.
2025-03-10 11:50:38 - Нажата горячая клавиша: Ctrl+D (Показать словарь)
2025-03-10 11:50:53 - Нажата горячая клавиша: Ctrl+D (Показать словарь)
2025-03-10 11:51:08 - --- Приложение закрыто ---
2025-03-10 11:57:30 - --- Приложение запущено ---
2025-03-10 11:57:30 - Регистрация плагина горячих клавиш...
2025-03-10 11:57:30 - Горячие клавиши зарегистрированы.
2025-03-10 11:58:09 - --- Приложение закрыто ---
2025-03-10 12:01:05 - --- Приложение запущено ---
2025-03-10 12:01:05 - Регистрация плагина горячих клавиш...
2025-03-10 12:01:05 - Горячие клавиши зарегистрированы.
2025-03-10 12:01:10 - Нажата горячая клавиша: Ctrl+D (Показать словарь)
2025-03-10 12:02:54 - --- Приложение закрыто ---
2025-03-10 12:04:33 - --- Приложение запущено ---
2025-03-10 12:04:33 - Регистрация плагина горячих клавиш...
2025-03-10 12:04:33 - Горячие клавиши зарегистрированы.
2025-03-10 12:04:37 - --- Приложение закрыто ---
2025-03-10 12:08:42 - --- Приложение запущено ---
2025-03-10 12:08:42 - Регистрация плагина горячих клавиш...
2025-03-10 12:08:42 - Горячие клавиши зарегистрированы.
2025-03-10 12:08:58 - --- Приложение закрыто ---
