2025-03-07 15:55:02 - --- Приложение запущено ---
2025-03-07 15:55:11 - Нажата горячая клавиша: Ctrl+S (Сохранить словарь)
2025-03-07 15:55:17 - Нажата горячая клавиша: Ctrl+S (Сохранить словарь)
2025-03-07 15:56:11 - --- Приложение запущено ---
2025-03-07 15:56:34 - --- Приложение закрыто ---
2025-03-07 15:57:52 - --- Приложение запущено ---
2025-03-07 16:00:28 - --- Приложение закрыто ---
2025-03-07 16:02:16 - --- Приложение запущено ---
2025-03-07 16:02:34 - Нажата горячая клавиша: Ctrl+D (Показать словарь)
2025-03-07 16:03:03 - --- Приложение закрыто ---
2025-03-07 16:08:54 - --- Приложение запущено ---
2025-03-07 16:16:09 - --- Приложение запущено ---
2025-03-07 16:16:11 - --- Приложение закрыто ---
2025-03-07 16:16:49 - --- Приложение запущено ---
2025-03-07 16:16:52 - Нажата горячая клавиша: Ctrl+D (Показать словарь)
2025-03-07 16:16:59 - Нажата горячая клавиша: Ctrl+S (Сохранить словарь)
2025-03-07 16:17:00 - Нажата горячая клавиша: Ctrl+D (Показать словарь)
2025-03-07 16:17:28 - --- Приложение закрыто ---
2025-03-07 16:25:10 - --- Приложение запущено ---
2025-03-07 16:25:37 - Нажата горячая клавиша: Ctrl+L (Очистить текст)
2025-03-07 16:25:43 - Нажата горячая клавиша: Ctrl+L (Очистить текст)
2025-03-07 16:26:28 - --- Приложение закрыто ---
2025-03-07 16:26:51 - --- Приложение запущено ---
2025-03-07 16:27:09 - Нажата горячая клавиша: Ctrl+L (Очистить текст)
2025-03-07 16:27:12 - --- Приложение закрыто ---
2025-03-07 16:28:26 - --- Приложение запущено ---
2025-03-07 16:28:30 - --- Приложение закрыто ---
2025-03-07 16:28:59 - --- Приложение запущено ---
2025-03-07 16:29:07 - --- Приложение закрыто ---
